2023-05-25 19:11:36.717 [error] [uncaught exception in sharedProcess]: Cannot read properties of undefined (reading 'then'): TypeError: Cannot read properties of undefined (reading 'then')
    at y.s (/usr/share/code/resources/app/out/vs/code/node/sharedProcess/sharedProcessMain.js:23:5587)
    at y.q (/usr/share/code/resources/app/out/vs/code/node/sharedProcess/sharedProcessMain.js:23:4987)
    at /usr/share/code/resources/app/out/vs/code/node/sharedProcess/sharedProcessMain.js:23:4376
    at E.invoke (/usr/share/code/resources/app/out/vs/code/node/sharedProcess/sharedProcessMain.js:19:145)
    at u.deliver (/usr/share/code/resources/app/out/vs/code/node/sharedProcess/sharedProcessMain.js:19:2121)
    at a.fire (/usr/share/code/resources/app/out/vs/code/node/sharedProcess/sharedProcessMain.js:19:1729)
    at MessagePortMain.Z (/usr/share/code/resources/app/out/vs/code/node/sharedProcess/sharedProcessMain.js:17:23918)
    at MessagePortMain.emit (node:events:513:28)
    at MessagePortMain._internalPort.emit (node:electron/js2c/utility_init:2:367)
2023-05-25 19:11:47.487 [error] [uncaught exception in sharedProcess]: Cannot read properties of undefined (reading 'then'): TypeError: Cannot read properties of undefined (reading 'then')
    at y.s (/usr/share/code/resources/app/out/vs/code/node/sharedProcess/sharedProcessMain.js:23:5587)
    at y.q (/usr/share/code/resources/app/out/vs/code/node/sharedProcess/sharedProcessMain.js:23:4987)
    at /usr/share/code/resources/app/out/vs/code/node/sharedProcess/sharedProcessMain.js:23:4376
    at E.invoke (/usr/share/code/resources/app/out/vs/code/node/sharedProcess/sharedProcessMain.js:19:145)
    at u.deliver (/usr/share/code/resources/app/out/vs/code/node/sharedProcess/sharedProcessMain.js:19:2121)
    at a.fire (/usr/share/code/resources/app/out/vs/code/node/sharedProcess/sharedProcessMain.js:19:1729)
    at MessagePortMain.Z (/usr/share/code/resources/app/out/vs/code/node/sharedProcess/sharedProcessMain.js:17:23918)
    at MessagePortMain.emit (node:events:513:28)
    at MessagePortMain._internalPort.emit (node:electron/js2c/utility_init:2:367)
2023-05-25 19:15:26.043 [error] [uncaught exception in sharedProcess]: Cannot read properties of undefined (reading 'then'): TypeError: Cannot read properties of undefined (reading 'then')
    at y.s (/usr/share/code/resources/app/out/vs/code/node/sharedProcess/sharedProcessMain.js:23:5587)
    at y.q (/usr/share/code/resources/app/out/vs/code/node/sharedProcess/sharedProcessMain.js:23:4987)
    at /usr/share/code/resources/app/out/vs/code/node/sharedProcess/sharedProcessMain.js:23:4376
    at E.invoke (/usr/share/code/resources/app/out/vs/code/node/sharedProcess/sharedProcessMain.js:19:145)
    at u.deliver (/usr/share/code/resources/app/out/vs/code/node/sharedProcess/sharedProcessMain.js:19:2121)
    at a.fire (/usr/share/code/resources/app/out/vs/code/node/sharedProcess/sharedProcessMain.js:19:1729)
    at MessagePortMain.Z (/usr/share/code/resources/app/out/vs/code/node/sharedProcess/sharedProcessMain.js:17:23918)
    at MessagePortMain.emit (node:events:513:28)
    at MessagePortMain._internalPort.emit (node:electron/js2c/utility_init:2:367)
2023-05-25 19:15:35.852 [error] [uncaught exception in sharedProcess]: Cannot read properties of undefined (reading 'then'): TypeError: Cannot read properties of undefined (reading 'then')
    at y.s (/usr/share/code/resources/app/out/vs/code/node/sharedProcess/sharedProcessMain.js:23:5587)
    at y.q (/usr/share/code/resources/app/out/vs/code/node/sharedProcess/sharedProcessMain.js:23:4987)
    at /usr/share/code/resources/app/out/vs/code/node/sharedProcess/sharedProcessMain.js:23:4376
    at E.invoke (/usr/share/code/resources/app/out/vs/code/node/sharedProcess/sharedProcessMain.js:19:145)
    at u.deliver (/usr/share/code/resources/app/out/vs/code/node/sharedProcess/sharedProcessMain.js:19:2121)
    at a.fire (/usr/share/code/resources/app/out/vs/code/node/sharedProcess/sharedProcessMain.js:19:1729)
    at MessagePortMain.Z (/usr/share/code/resources/app/out/vs/code/node/sharedProcess/sharedProcessMain.js:17:23918)
    at MessagePortMain.emit (node:events:513:28)
    at MessagePortMain._internalPort.emit (node:electron/js2c/utility_init:2:367)
2023-05-25 19:17:25.875 [error] [uncaught exception in sharedProcess]: Cannot read properties of undefined (reading 'then'): TypeError: Cannot read properties of undefined (reading 'then')
    at y.s (/usr/share/code/resources/app/out/vs/code/node/sharedProcess/sharedProcessMain.js:23:5587)
    at y.q (/usr/share/code/resources/app/out/vs/code/node/sharedProcess/sharedProcessMain.js:23:4987)
    at /usr/share/code/resources/app/out/vs/code/node/sharedProcess/sharedProcessMain.js:23:4376
    at E.invoke (/usr/share/code/resources/app/out/vs/code/node/sharedProcess/sharedProcessMain.js:19:145)
    at u.deliver (/usr/share/code/resources/app/out/vs/code/node/sharedProcess/sharedProcessMain.js:19:2121)
    at a.fire (/usr/share/code/resources/app/out/vs/code/node/sharedProcess/sharedProcessMain.js:19:1729)
    at MessagePortMain.Z (/usr/share/code/resources/app/out/vs/code/node/sharedProcess/sharedProcessMain.js:17:23918)
    at MessagePortMain.emit (node:events:513:28)
    at MessagePortMain._internalPort.emit (node:electron/js2c/utility_init:2:367)
