2023-05-24 19:56:01.220 [info] Extension host with pid 11036 started
2023-05-24 19:56:01.268 [info] ExtensionService#_doActivateExtension vscode.git-base, startup: true, activationEvent: '*', root cause: vscode.git
2023-05-24 19:56:01.630 [info] ExtensionService#_doActivateExtension vscode.github-authentication, startup: false, activationEvent: 'onAuthenticationRequest:github'
2023-05-24 19:56:01.949 [info] ExtensionService#_doActivateExtension vscode.git, startup: true, activationEvent: '*'
2023-05-24 19:56:01.950 [info] ExtensionService#_doActivateExtension vscode.github, startup: true, activationEvent: '*'
2023-05-24 19:56:01.955 [info] ExtensionService#_doActivateExtension vscode.microsoft-authentication, startup: false, activationEvent: 'onAuthenticationRequest:microsoft'
2023-05-24 19:56:02.274 [info] Eager extensions activated
2023-05-24 19:56:02.278 [info] ExtensionService#_doActivateExtension vscode.debug-auto-launch, startup: false, activationEvent: 'onStartupFinished'
2023-05-24 19:56:02.279 [info] ExtensionService#_doActivateExtension vscode.merge-conflict, startup: false, activationEvent: 'onStartupFinished'
2023-05-24 19:56:10.994 [info] Extension host terminating: renderer closed the MessagePort
2023-05-24 19:56:10.998 [info] Extension host with pid 11036 exiting with code 0
2023-05-24 19:56:11.876 [info] Extension host with pid 11306 started
2023-05-24 19:56:11.876 [info] Skipping acquiring lock for /home/qi/Public/OS_experiment/homework1/question4/vscode-root/User/workspaceStorage/937977ddbc7c4f61f51c753d43929902.
2023-05-24 19:56:11.969 [info] ExtensionService#_doActivateExtension vscode.github-authentication, startup: false, activationEvent: 'onAuthenticationRequest:github'
2023-05-24 19:56:12.124 [info] ExtensionService#_doActivateExtension vscode.git-base, startup: true, activationEvent: '*'
2023-05-24 19:56:12.126 [info] ExtensionService#_doActivateExtension vscode.microsoft-authentication, startup: false, activationEvent: 'onAuthenticationRequest:microsoft'
2023-05-24 19:56:12.245 [info] ExtensionService#_doActivateExtension vscode.github, startup: true, activationEvent: '*'
2023-05-24 19:56:12.356 [info] Eager extensions activated
2023-05-24 19:56:12.357 [info] ExtensionService#_doActivateExtension vscode.debug-auto-launch, startup: false, activationEvent: 'onStartupFinished'
2023-05-24 19:56:12.377 [info] ExtensionService#_doActivateExtension vscode.merge-conflict, startup: false, activationEvent: 'onStartupFinished'
2023-05-24 19:56:13.437 [info] ExtensionService#_doActivateExtension vscode.git, startup: false, activationEvent: 'api', root cause: vscode.github
2023-05-24 19:56:13.490 [info] ExtensionService#_doActivateExtension ms-vscode.cpptools, startup: false, activationEvent: 'workspaceContains:/.vscode/c_cpp_properties.json'
2023-05-24 19:56:13.745 [info] ExtensionService#_doActivateExtension ms-vscode.makefile-tools, startup: false, activationEvent: 'workspaceContains:**/makefile,**/Makefile,**/GNUmakefile'
2023-05-24 19:56:13.950 [info] ExtensionService#_doActivateExtension vscode.extension-editing, startup: false, activationEvent: 'onLanguage:json'
2023-05-24 19:56:13.950 [info] ExtensionService#_doActivateExtension vscode.json-language-features, startup: false, activationEvent: 'onLanguage:json'
2023-05-24 19:56:13.951 [info] ExtensionService#_doActivateExtension vscode.npm, startup: false, activationEvent: 'onLanguage:json'
2023-05-24 19:56:13.954 [info] ExtensionService#_doActivateExtension vscode.emmet, startup: false, activationEvent: 'onLanguage'
2023-05-24 19:56:14.032 [info] ExtensionService#_doActivateExtension vscode.typescript-language-features, startup: false, activationEvent: 'onLanguage:jsonc'
2023-05-24 19:58:17.732 [info] ExtensionService#_doActivateExtension vscode.debug-server-ready, startup: false, activationEvent: 'onDebugResolve'
2023-05-24 20:02:45.497 [info] Extension host terminating: renderer closed the MessagePort
2023-05-24 20:02:45.539 [info] Extension host with pid 11306 exiting with code 0
