2023-05-25 19:10:55.310 [info] Added views:workbench.panel.markers.view in workbench.panel.markers
2023-05-25 19:10:55.310 [info] Added views:workbench.panel.output in workbench.panel.output
2023-05-25 19:10:55.310 [info] Added views:terminal in terminal
2023-05-25 19:10:55.310 [info] Added views:outline in workbench.view.explorer
2023-05-25 19:10:55.310 [info] Added views:workbench.scm in workbench.view.scm
2023-05-25 19:10:55.310 [info] Added views:workbench.view.search in workbench.view.search
2023-05-25 19:10:55.310 [info] Added views:timeline in workbench.view.explorer
2023-05-25 19:10:55.310 [info] Added views:workbench.explorer.emptyView in workbench.view.explorer
2023-05-25 19:10:55.782 [info] Added views:makefile.outline in workbench.view.extension.makefile__viewContainer
2023-05-25 19:10:55.832 [info] Added views:workbench.debug.welcome in workbench.view.debug
2023-05-25 19:10:55.855 [info] Added views:workbench.panel.repl.view in workbench.panel.repl
2023-05-25 19:11:07.080 [info] Added views:workbench.panel.markers.view in workbench.panel.markers
2023-05-25 19:11:07.080 [info] Added views:workbench.panel.output in workbench.panel.output
2023-05-25 19:11:07.080 [info] Added views:terminal in terminal
2023-05-25 19:11:07.080 [info] Added views:outline in workbench.view.explorer
2023-05-25 19:11:07.080 [info] Added views:workbench.scm in workbench.view.scm
2023-05-25 19:11:07.080 [info] Added views:workbench.view.search in workbench.view.search
2023-05-25 19:11:07.080 [info] Added views:timeline in workbench.view.explorer
2023-05-25 19:11:07.080 [info] Added views:workbench.explorer.fileView in workbench.view.explorer
2023-05-25 19:11:07.378 [info] Added views:workbench.debug.variablesView,workbench.debug.watchExpressionsView,workbench.debug.callStackView,workbench.debug.breakPointsView in workbench.view.debug
2023-05-25 19:11:07.613 [info] Added views:workbench.panel.repl.view in workbench.panel.repl
2023-05-25 19:11:09.585 [info] Added views:makefile.outline in workbench.view.extension.makefile__viewContainer
