2023-05-26 14:02:32.711 [error] [uncaught exception in sharedProcess]: Cannot read properties of undefined (reading 'then'): TypeError: Cannot read properties of undefined (reading 'then')
    at y.s (/usr/share/code/resources/app/out/vs/code/node/sharedProcess/sharedProcessMain.js:23:5587)
    at y.q (/usr/share/code/resources/app/out/vs/code/node/sharedProcess/sharedProcessMain.js:23:4987)
    at /usr/share/code/resources/app/out/vs/code/node/sharedProcess/sharedProcessMain.js:23:4376
    at E.invoke (/usr/share/code/resources/app/out/vs/code/node/sharedProcess/sharedProcessMain.js:19:145)
    at u.deliver (/usr/share/code/resources/app/out/vs/code/node/sharedProcess/sharedProcessMain.js:19:2121)
    at a.fire (/usr/share/code/resources/app/out/vs/code/node/sharedProcess/sharedProcessMain.js:19:1729)
    at MessagePortMain.Z (/usr/share/code/resources/app/out/vs/code/node/sharedProcess/sharedProcessMain.js:17:23918)
    at MessagePortMain.emit (node:events:513:28)
    at MessagePortMain._internalPort.emit (node:electron/js2c/utility_init:2:367)
2023-05-26 14:02:39.708 [error] [uncaught exception in sharedProcess]: Cannot read properties of undefined (reading 'then'): TypeError: Cannot read properties of undefined (reading 'then')
    at y.s (/usr/share/code/resources/app/out/vs/code/node/sharedProcess/sharedProcessMain.js:23:5587)
    at y.q (/usr/share/code/resources/app/out/vs/code/node/sharedProcess/sharedProcessMain.js:23:4987)
    at /usr/share/code/resources/app/out/vs/code/node/sharedProcess/sharedProcessMain.js:23:4376
    at E.invoke (/usr/share/code/resources/app/out/vs/code/node/sharedProcess/sharedProcessMain.js:19:145)
    at u.deliver (/usr/share/code/resources/app/out/vs/code/node/sharedProcess/sharedProcessMain.js:19:2121)
    at a.fire (/usr/share/code/resources/app/out/vs/code/node/sharedProcess/sharedProcessMain.js:19:1729)
    at MessagePortMain.Z (/usr/share/code/resources/app/out/vs/code/node/sharedProcess/sharedProcessMain.js:17:23918)
    at MessagePortMain.emit (node:events:513:28)
    at MessagePortMain._internalPort.emit (node:electron/js2c/utility_init:2:367)
2023-05-26 14:02:54.883 [error] [uncaught exception in sharedProcess]: Cannot read properties of undefined (reading 'then'): TypeError: Cannot read properties of undefined (reading 'then')
    at y.s (/usr/share/code/resources/app/out/vs/code/node/sharedProcess/sharedProcessMain.js:23:5587)
    at y.q (/usr/share/code/resources/app/out/vs/code/node/sharedProcess/sharedProcessMain.js:23:4987)
    at /usr/share/code/resources/app/out/vs/code/node/sharedProcess/sharedProcessMain.js:23:4376
    at E.invoke (/usr/share/code/resources/app/out/vs/code/node/sharedProcess/sharedProcessMain.js:19:145)
    at u.deliver (/usr/share/code/resources/app/out/vs/code/node/sharedProcess/sharedProcessMain.js:19:2121)
    at a.fire (/usr/share/code/resources/app/out/vs/code/node/sharedProcess/sharedProcessMain.js:19:1729)
    at MessagePortMain.Z (/usr/share/code/resources/app/out/vs/code/node/sharedProcess/sharedProcessMain.js:17:23918)
    at MessagePortMain.emit (node:events:513:28)
    at MessagePortMain._internalPort.emit (node:electron/js2c/utility_init:2:367)
2023-05-26 14:04:21.272 [error] [uncaught exception in sharedProcess]: Cannot read properties of undefined (reading 'then'): TypeError: Cannot read properties of undefined (reading 'then')
    at y.s (/usr/share/code/resources/app/out/vs/code/node/sharedProcess/sharedProcessMain.js:23:5587)
    at y.q (/usr/share/code/resources/app/out/vs/code/node/sharedProcess/sharedProcessMain.js:23:4987)
    at /usr/share/code/resources/app/out/vs/code/node/sharedProcess/sharedProcessMain.js:23:4376
    at E.invoke (/usr/share/code/resources/app/out/vs/code/node/sharedProcess/sharedProcessMain.js:19:145)
    at u.deliver (/usr/share/code/resources/app/out/vs/code/node/sharedProcess/sharedProcessMain.js:19:2121)
    at a.fire (/usr/share/code/resources/app/out/vs/code/node/sharedProcess/sharedProcessMain.js:19:1729)
    at MessagePortMain.Z (/usr/share/code/resources/app/out/vs/code/node/sharedProcess/sharedProcessMain.js:17:23918)
    at MessagePortMain.emit (node:events:513:28)
    at MessagePortMain._internalPort.emit (node:electron/js2c/utility_init:2:367)
2023-05-26 14:04:29.363 [error] [uncaught exception in sharedProcess]: 发生了系统错误 (connect ECONNREFUSED 52.182.143.211:443): Error: connect ECONNREFUSED 52.182.143.211:443
    at TCPConnectWrap.afterConnect [as oncomplete] (node:net:1247:16)
2023-05-26 14:05:09.263 [error] [uncaught exception in sharedProcess]: Cannot read properties of undefined (reading 'then'): TypeError: Cannot read properties of undefined (reading 'then')
    at y.s (/usr/share/code/resources/app/out/vs/code/node/sharedProcess/sharedProcessMain.js:23:5587)
    at y.q (/usr/share/code/resources/app/out/vs/code/node/sharedProcess/sharedProcessMain.js:23:4987)
    at /usr/share/code/resources/app/out/vs/code/node/sharedProcess/sharedProcessMain.js:23:4376
    at E.invoke (/usr/share/code/resources/app/out/vs/code/node/sharedProcess/sharedProcessMain.js:19:145)
    at u.deliver (/usr/share/code/resources/app/out/vs/code/node/sharedProcess/sharedProcessMain.js:19:2121)
    at a.fire (/usr/share/code/resources/app/out/vs/code/node/sharedProcess/sharedProcessMain.js:19:1729)
    at MessagePortMain.Z (/usr/share/code/resources/app/out/vs/code/node/sharedProcess/sharedProcessMain.js:17:23918)
    at MessagePortMain.emit (node:events:513:28)
    at MessagePortMain._internalPort.emit (node:electron/js2c/utility_init:2:367)
2023-05-26 14:05:32.198 [error] [uncaught exception in sharedProcess]: Cannot read properties of undefined (reading 'then'): TypeError: Cannot read properties of undefined (reading 'then')
    at y.s (/usr/share/code/resources/app/out/vs/code/node/sharedProcess/sharedProcessMain.js:23:5587)
    at y.q (/usr/share/code/resources/app/out/vs/code/node/sharedProcess/sharedProcessMain.js:23:4987)
    at /usr/share/code/resources/app/out/vs/code/node/sharedProcess/sharedProcessMain.js:23:4376
    at E.invoke (/usr/share/code/resources/app/out/vs/code/node/sharedProcess/sharedProcessMain.js:19:145)
    at u.deliver (/usr/share/code/resources/app/out/vs/code/node/sharedProcess/sharedProcessMain.js:19:2121)
    at a.fire (/usr/share/code/resources/app/out/vs/code/node/sharedProcess/sharedProcessMain.js:19:1729)
    at MessagePortMain.Z (/usr/share/code/resources/app/out/vs/code/node/sharedProcess/sharedProcessMain.js:17:23918)
    at MessagePortMain.emit (node:events:513:28)
    at MessagePortMain._internalPort.emit (node:electron/js2c/utility_init:2:367)
