2023-05-24 19:56:00.711 [info] Added views:workbench.panel.markers.view in workbench.panel.markers
2023-05-24 19:56:00.711 [info] Added views:workbench.panel.output in workbench.panel.output
2023-05-24 19:56:00.711 [info] Added views:terminal in terminal
2023-05-24 19:56:00.711 [info] Added views:outline in workbench.view.explorer
2023-05-24 19:56:00.711 [info] Added views:workbench.scm in workbench.view.scm
2023-05-24 19:56:00.711 [info] Added views:workbench.view.search in workbench.view.search
2023-05-24 19:56:00.711 [info] Added views:timeline in workbench.view.explorer
2023-05-24 19:56:00.711 [info] Added views:workbench.explorer.emptyView in workbench.view.explorer
2023-05-24 19:56:01.155 [info] Added views:makefile.outline in workbench.view.extension.makefile__viewContainer
2023-05-24 19:56:01.229 [info] Added views:workbench.debug.welcome in workbench.view.debug
2023-05-24 19:56:01.261 [info] Added views:workbench.panel.repl.view in workbench.panel.repl
2023-05-24 19:56:11.440 [info] Added views:workbench.panel.markers.view in workbench.panel.markers
2023-05-24 19:56:11.441 [info] Added views:workbench.panel.output in workbench.panel.output
2023-05-24 19:56:11.441 [info] Added views:terminal in terminal
2023-05-24 19:56:11.441 [info] Added views:outline in workbench.view.explorer
2023-05-24 19:56:11.441 [info] Added views:workbench.scm in workbench.view.scm
2023-05-24 19:56:11.441 [info] Added views:workbench.view.search in workbench.view.search
2023-05-24 19:56:11.441 [info] Added views:timeline in workbench.view.explorer
2023-05-24 19:56:11.441 [info] Added views:workbench.explorer.fileView in workbench.view.explorer
2023-05-24 19:56:11.741 [info] Added views:workbench.debug.variablesView,workbench.debug.watchExpressionsView,workbench.debug.callStackView,workbench.debug.breakPointsView in workbench.view.debug
2023-05-24 19:56:11.970 [info] Added views:workbench.panel.repl.view in workbench.panel.repl
2023-05-24 19:56:13.388 [info] Added views:makefile.outline in workbench.view.extension.makefile__viewContainer
