2023-05-24 19:56:45.528 [error] [uncaught exception in sharedProcess]: 发生了系统错误 (connect ECONNREFUSED 52.182.143.211:443): Error: connect ECONNREFUSED 52.182.143.211:443
    at TCPConnectWrap.afterConnect [as oncomplete] (node:net:1247:16)
2023-05-24 19:58:19.583 [error] [uncaught exception in sharedProcess]: Cannot read properties of undefined (reading 'then'): TypeError: Cannot read properties of undefined (reading 'then')
    at y.s (/usr/share/code/resources/app/out/vs/code/node/sharedProcess/sharedProcessMain.js:23:5587)
    at y.q (/usr/share/code/resources/app/out/vs/code/node/sharedProcess/sharedProcessMain.js:23:4987)
    at /usr/share/code/resources/app/out/vs/code/node/sharedProcess/sharedProcessMain.js:23:4376
    at E.invoke (/usr/share/code/resources/app/out/vs/code/node/sharedProcess/sharedProcessMain.js:19:145)
    at u.deliver (/usr/share/code/resources/app/out/vs/code/node/sharedProcess/sharedProcessMain.js:19:2121)
    at a.fire (/usr/share/code/resources/app/out/vs/code/node/sharedProcess/sharedProcessMain.js:19:1729)
    at MessagePortMain.Z (/usr/share/code/resources/app/out/vs/code/node/sharedProcess/sharedProcessMain.js:17:23918)
    at MessagePortMain.emit (node:events:513:28)
    at MessagePortMain._internalPort.emit (node:electron/js2c/utility_init:2:367)
2023-05-24 19:58:20.012 [error] [uncaught exception in sharedProcess]: Cannot read properties of undefined (reading 'then'): TypeError: Cannot read properties of undefined (reading 'then')
    at y.s (/usr/share/code/resources/app/out/vs/code/node/sharedProcess/sharedProcessMain.js:23:5587)
    at y.q (/usr/share/code/resources/app/out/vs/code/node/sharedProcess/sharedProcessMain.js:23:4987)
    at /usr/share/code/resources/app/out/vs/code/node/sharedProcess/sharedProcessMain.js:23:4376
    at E.invoke (/usr/share/code/resources/app/out/vs/code/node/sharedProcess/sharedProcessMain.js:19:145)
    at u.deliver (/usr/share/code/resources/app/out/vs/code/node/sharedProcess/sharedProcessMain.js:19:2121)
    at a.fire (/usr/share/code/resources/app/out/vs/code/node/sharedProcess/sharedProcessMain.js:19:1729)
    at MessagePortMain.Z (/usr/share/code/resources/app/out/vs/code/node/sharedProcess/sharedProcessMain.js:17:23918)
    at MessagePortMain.emit (node:events:513:28)
    at MessagePortMain._internalPort.emit (node:electron/js2c/utility_init:2:367)
2023-05-24 20:00:03.779 [error] [uncaught exception in sharedProcess]: Cannot read properties of undefined (reading 'then'): TypeError: Cannot read properties of undefined (reading 'then')
    at y.s (/usr/share/code/resources/app/out/vs/code/node/sharedProcess/sharedProcessMain.js:23:5587)
    at y.q (/usr/share/code/resources/app/out/vs/code/node/sharedProcess/sharedProcessMain.js:23:4987)
    at /usr/share/code/resources/app/out/vs/code/node/sharedProcess/sharedProcessMain.js:23:4376
    at E.invoke (/usr/share/code/resources/app/out/vs/code/node/sharedProcess/sharedProcessMain.js:19:145)
    at u.deliver (/usr/share/code/resources/app/out/vs/code/node/sharedProcess/sharedProcessMain.js:19:2121)
    at a.fire (/usr/share/code/resources/app/out/vs/code/node/sharedProcess/sharedProcessMain.js:19:1729)
    at MessagePortMain.Z (/usr/share/code/resources/app/out/vs/code/node/sharedProcess/sharedProcessMain.js:17:23918)
    at MessagePortMain.emit (node:events:513:28)
    at MessagePortMain._internalPort.emit (node:electron/js2c/utility_init:2:367)
2023-05-24 20:00:04.302 [error] [uncaught exception in sharedProcess]: Cannot read properties of undefined (reading 'then'): TypeError: Cannot read properties of undefined (reading 'then')
    at y.s (/usr/share/code/resources/app/out/vs/code/node/sharedProcess/sharedProcessMain.js:23:5587)
    at y.q (/usr/share/code/resources/app/out/vs/code/node/sharedProcess/sharedProcessMain.js:23:4987)
    at /usr/share/code/resources/app/out/vs/code/node/sharedProcess/sharedProcessMain.js:23:4376
    at E.invoke (/usr/share/code/resources/app/out/vs/code/node/sharedProcess/sharedProcessMain.js:19:145)
    at u.deliver (/usr/share/code/resources/app/out/vs/code/node/sharedProcess/sharedProcessMain.js:19:2121)
    at a.fire (/usr/share/code/resources/app/out/vs/code/node/sharedProcess/sharedProcessMain.js:19:1729)
    at MessagePortMain.Z (/usr/share/code/resources/app/out/vs/code/node/sharedProcess/sharedProcessMain.js:17:23918)
    at MessagePortMain.emit (node:events:513:28)
    at MessagePortMain._internalPort.emit (node:electron/js2c/utility_init:2:367)
2023-05-24 20:00:46.590 [error] [uncaught exception in sharedProcess]: Cannot read properties of undefined (reading 'then'): TypeError: Cannot read properties of undefined (reading 'then')
    at y.s (/usr/share/code/resources/app/out/vs/code/node/sharedProcess/sharedProcessMain.js:23:5587)
    at y.q (/usr/share/code/resources/app/out/vs/code/node/sharedProcess/sharedProcessMain.js:23:4987)
    at /usr/share/code/resources/app/out/vs/code/node/sharedProcess/sharedProcessMain.js:23:4376
    at E.invoke (/usr/share/code/resources/app/out/vs/code/node/sharedProcess/sharedProcessMain.js:19:145)
    at u.deliver (/usr/share/code/resources/app/out/vs/code/node/sharedProcess/sharedProcessMain.js:19:2121)
    at a.fire (/usr/share/code/resources/app/out/vs/code/node/sharedProcess/sharedProcessMain.js:19:1729)
    at MessagePortMain.Z (/usr/share/code/resources/app/out/vs/code/node/sharedProcess/sharedProcessMain.js:17:23918)
    at MessagePortMain.emit (node:events:513:28)
    at MessagePortMain._internalPort.emit (node:electron/js2c/utility_init:2:367)
2023-05-24 20:00:46.993 [error] [uncaught exception in sharedProcess]: Cannot read properties of undefined (reading 'then'): TypeError: Cannot read properties of undefined (reading 'then')
    at y.s (/usr/share/code/resources/app/out/vs/code/node/sharedProcess/sharedProcessMain.js:23:5587)
    at y.q (/usr/share/code/resources/app/out/vs/code/node/sharedProcess/sharedProcessMain.js:23:4987)
    at /usr/share/code/resources/app/out/vs/code/node/sharedProcess/sharedProcessMain.js:23:4376
    at E.invoke (/usr/share/code/resources/app/out/vs/code/node/sharedProcess/sharedProcessMain.js:19:145)
    at u.deliver (/usr/share/code/resources/app/out/vs/code/node/sharedProcess/sharedProcessMain.js:19:2121)
    at a.fire (/usr/share/code/resources/app/out/vs/code/node/sharedProcess/sharedProcessMain.js:19:1729)
    at MessagePortMain.Z (/usr/share/code/resources/app/out/vs/code/node/sharedProcess/sharedProcessMain.js:17:23918)
    at MessagePortMain.emit (node:events:513:28)
    at MessagePortMain._internalPort.emit (node:electron/js2c/utility_init:2:367)
