2023-05-27 13:58:04.755 [error] [uncaught exception in sharedProcess]: Cannot read properties of undefined (reading 'then'): TypeError: Cannot read properties of undefined (reading 'then')
    at y.s (/usr/share/code/resources/app/out/vs/code/node/sharedProcess/sharedProcessMain.js:23:5587)
    at y.q (/usr/share/code/resources/app/out/vs/code/node/sharedProcess/sharedProcessMain.js:23:4987)
    at /usr/share/code/resources/app/out/vs/code/node/sharedProcess/sharedProcessMain.js:23:4376
    at E.invoke (/usr/share/code/resources/app/out/vs/code/node/sharedProcess/sharedProcessMain.js:19:145)
    at u.deliver (/usr/share/code/resources/app/out/vs/code/node/sharedProcess/sharedProcessMain.js:19:2121)
    at a.fire (/usr/share/code/resources/app/out/vs/code/node/sharedProcess/sharedProcessMain.js:19:1729)
    at MessagePortMain.Z (/usr/share/code/resources/app/out/vs/code/node/sharedProcess/sharedProcessMain.js:17:23918)
    at MessagePortMain.emit (node:events:513:28)
    at MessagePortMain._internalPort.emit (node:electron/js2c/utility_init:2:367)
2023-05-27 13:58:26.854 [error] [uncaught exception in sharedProcess]: Cannot read properties of undefined (reading 'then'): TypeError: Cannot read properties of undefined (reading 'then')
    at y.s (/usr/share/code/resources/app/out/vs/code/node/sharedProcess/sharedProcessMain.js:23:5587)
    at y.q (/usr/share/code/resources/app/out/vs/code/node/sharedProcess/sharedProcessMain.js:23:4987)
    at /usr/share/code/resources/app/out/vs/code/node/sharedProcess/sharedProcessMain.js:23:4376
    at E.invoke (/usr/share/code/resources/app/out/vs/code/node/sharedProcess/sharedProcessMain.js:19:145)
    at u.deliver (/usr/share/code/resources/app/out/vs/code/node/sharedProcess/sharedProcessMain.js:19:2121)
    at a.fire (/usr/share/code/resources/app/out/vs/code/node/sharedProcess/sharedProcessMain.js:19:1729)
    at MessagePortMain.Z (/usr/share/code/resources/app/out/vs/code/node/sharedProcess/sharedProcessMain.js:17:23918)
    at MessagePortMain.emit (node:events:513:28)
    at MessagePortMain._internalPort.emit (node:electron/js2c/utility_init:2:367)
2023-05-27 13:59:09.912 [error] [uncaught exception in sharedProcess]: Cannot read properties of undefined (reading 'then'): TypeError: Cannot read properties of undefined (reading 'then')
    at y.s (/usr/share/code/resources/app/out/vs/code/node/sharedProcess/sharedProcessMain.js:23:5587)
    at y.q (/usr/share/code/resources/app/out/vs/code/node/sharedProcess/sharedProcessMain.js:23:4987)
    at /usr/share/code/resources/app/out/vs/code/node/sharedProcess/sharedProcessMain.js:23:4376
    at E.invoke (/usr/share/code/resources/app/out/vs/code/node/sharedProcess/sharedProcessMain.js:19:145)
    at u.deliver (/usr/share/code/resources/app/out/vs/code/node/sharedProcess/sharedProcessMain.js:19:2121)
    at a.fire (/usr/share/code/resources/app/out/vs/code/node/sharedProcess/sharedProcessMain.js:19:1729)
    at MessagePortMain.Z (/usr/share/code/resources/app/out/vs/code/node/sharedProcess/sharedProcessMain.js:17:23918)
    at MessagePortMain.emit (node:events:513:28)
    at MessagePortMain._internalPort.emit (node:electron/js2c/utility_init:2:367)
2023-05-27 13:59:51.313 [error] [uncaught exception in sharedProcess]: Cannot read properties of undefined (reading 'then'): TypeError: Cannot read properties of undefined (reading 'then')
    at y.s (/usr/share/code/resources/app/out/vs/code/node/sharedProcess/sharedProcessMain.js:23:5587)
    at y.q (/usr/share/code/resources/app/out/vs/code/node/sharedProcess/sharedProcessMain.js:23:4987)
    at /usr/share/code/resources/app/out/vs/code/node/sharedProcess/sharedProcessMain.js:23:4376
    at E.invoke (/usr/share/code/resources/app/out/vs/code/node/sharedProcess/sharedProcessMain.js:19:145)
    at u.deliver (/usr/share/code/resources/app/out/vs/code/node/sharedProcess/sharedProcessMain.js:19:2121)
    at a.fire (/usr/share/code/resources/app/out/vs/code/node/sharedProcess/sharedProcessMain.js:19:1729)
    at MessagePortMain.Z (/usr/share/code/resources/app/out/vs/code/node/sharedProcess/sharedProcessMain.js:17:23918)
    at MessagePortMain.emit (node:events:513:28)
    at MessagePortMain._internalPort.emit (node:electron/js2c/utility_init:2:367)
2023-05-27 14:00:36.607 [error] [uncaught exception in sharedProcess]: Cannot read properties of undefined (reading 'then'): TypeError: Cannot read properties of undefined (reading 'then')
    at y.s (/usr/share/code/resources/app/out/vs/code/node/sharedProcess/sharedProcessMain.js:23:5587)
    at y.q (/usr/share/code/resources/app/out/vs/code/node/sharedProcess/sharedProcessMain.js:23:4987)
    at /usr/share/code/resources/app/out/vs/code/node/sharedProcess/sharedProcessMain.js:23:4376
    at E.invoke (/usr/share/code/resources/app/out/vs/code/node/sharedProcess/sharedProcessMain.js:19:145)
    at u.deliver (/usr/share/code/resources/app/out/vs/code/node/sharedProcess/sharedProcessMain.js:19:2121)
    at a.fire (/usr/share/code/resources/app/out/vs/code/node/sharedProcess/sharedProcessMain.js:19:1729)
    at MessagePortMain.Z (/usr/share/code/resources/app/out/vs/code/node/sharedProcess/sharedProcessMain.js:17:23918)
    at MessagePortMain.emit (node:events:513:28)
    at MessagePortMain._internalPort.emit (node:electron/js2c/utility_init:2:367)
2023-05-27 14:01:10.228 [error] [uncaught exception in sharedProcess]: 发生了系统错误 (connect ECONNREFUSED 52.182.143.211:443): Error: connect ECONNREFUSED 52.182.143.211:443
    at TCPConnectWrap.afterConnect [as oncomplete] (node:net:1247:16)
2023-05-27 14:02:05.758 [error] [uncaught exception in sharedProcess]: Cannot read properties of undefined (reading 'then'): TypeError: Cannot read properties of undefined (reading 'then')
    at y.s (/usr/share/code/resources/app/out/vs/code/node/sharedProcess/sharedProcessMain.js:23:5587)
    at y.q (/usr/share/code/resources/app/out/vs/code/node/sharedProcess/sharedProcessMain.js:23:4987)
    at /usr/share/code/resources/app/out/vs/code/node/sharedProcess/sharedProcessMain.js:23:4376
    at E.invoke (/usr/share/code/resources/app/out/vs/code/node/sharedProcess/sharedProcessMain.js:19:145)
    at u.deliver (/usr/share/code/resources/app/out/vs/code/node/sharedProcess/sharedProcessMain.js:19:2121)
    at a.fire (/usr/share/code/resources/app/out/vs/code/node/sharedProcess/sharedProcessMain.js:19:1729)
    at MessagePortMain.Z (/usr/share/code/resources/app/out/vs/code/node/sharedProcess/sharedProcessMain.js:17:23918)
    at MessagePortMain.emit (node:events:513:28)
    at MessagePortMain._internalPort.emit (node:electron/js2c/utility_init:2:367)
2023-05-27 14:11:40.881 [error] [uncaught exception in sharedProcess]: Cannot read properties of undefined (reading 'then'): TypeError: Cannot read properties of undefined (reading 'then')
    at y.s (/usr/share/code/resources/app/out/vs/code/node/sharedProcess/sharedProcessMain.js:23:5587)
    at y.q (/usr/share/code/resources/app/out/vs/code/node/sharedProcess/sharedProcessMain.js:23:4987)
    at /usr/share/code/resources/app/out/vs/code/node/sharedProcess/sharedProcessMain.js:23:4376
    at E.invoke (/usr/share/code/resources/app/out/vs/code/node/sharedProcess/sharedProcessMain.js:19:145)
    at u.deliver (/usr/share/code/resources/app/out/vs/code/node/sharedProcess/sharedProcessMain.js:19:2121)
    at a.fire (/usr/share/code/resources/app/out/vs/code/node/sharedProcess/sharedProcessMain.js:19:1729)
    at MessagePortMain.Z (/usr/share/code/resources/app/out/vs/code/node/sharedProcess/sharedProcessMain.js:17:23918)
    at MessagePortMain.emit (node:events:513:28)
    at MessagePortMain._internalPort.emit (node:electron/js2c/utility_init:2:367)
2023-05-27 14:12:10.570 [error] [uncaught exception in sharedProcess]: Cannot read properties of undefined (reading 'then'): TypeError: Cannot read properties of undefined (reading 'then')
    at y.s (/usr/share/code/resources/app/out/vs/code/node/sharedProcess/sharedProcessMain.js:23:5587)
    at y.q (/usr/share/code/resources/app/out/vs/code/node/sharedProcess/sharedProcessMain.js:23:4987)
    at /usr/share/code/resources/app/out/vs/code/node/sharedProcess/sharedProcessMain.js:23:4376
    at E.invoke (/usr/share/code/resources/app/out/vs/code/node/sharedProcess/sharedProcessMain.js:19:145)
    at u.deliver (/usr/share/code/resources/app/out/vs/code/node/sharedProcess/sharedProcessMain.js:19:2121)
    at a.fire (/usr/share/code/resources/app/out/vs/code/node/sharedProcess/sharedProcessMain.js:19:1729)
    at MessagePortMain.Z (/usr/share/code/resources/app/out/vs/code/node/sharedProcess/sharedProcessMain.js:17:23918)
    at MessagePortMain.emit (node:events:513:28)
    at MessagePortMain._internalPort.emit (node:electron/js2c/utility_init:2:367)
2023-05-27 14:12:23.251 [error] [uncaught exception in sharedProcess]: Cannot read properties of undefined (reading 'then'): TypeError: Cannot read properties of undefined (reading 'then')
    at y.s (/usr/share/code/resources/app/out/vs/code/node/sharedProcess/sharedProcessMain.js:23:5587)
    at y.q (/usr/share/code/resources/app/out/vs/code/node/sharedProcess/sharedProcessMain.js:23:4987)
    at /usr/share/code/resources/app/out/vs/code/node/sharedProcess/sharedProcessMain.js:23:4376
    at E.invoke (/usr/share/code/resources/app/out/vs/code/node/sharedProcess/sharedProcessMain.js:19:145)
    at u.deliver (/usr/share/code/resources/app/out/vs/code/node/sharedProcess/sharedProcessMain.js:19:2121)
    at a.fire (/usr/share/code/resources/app/out/vs/code/node/sharedProcess/sharedProcessMain.js:19:1729)
    at MessagePortMain.Z (/usr/share/code/resources/app/out/vs/code/node/sharedProcess/sharedProcessMain.js:17:23918)
    at MessagePortMain.emit (node:events:513:28)
    at MessagePortMain._internalPort.emit (node:electron/js2c/utility_init:2:367)
2023-05-27 14:13:38.541 [error] [uncaught exception in sharedProcess]: Cannot read properties of undefined (reading 'then'): TypeError: Cannot read properties of undefined (reading 'then')
    at y.s (/usr/share/code/resources/app/out/vs/code/node/sharedProcess/sharedProcessMain.js:23:5587)
    at y.q (/usr/share/code/resources/app/out/vs/code/node/sharedProcess/sharedProcessMain.js:23:4987)
    at /usr/share/code/resources/app/out/vs/code/node/sharedProcess/sharedProcessMain.js:23:4376
    at E.invoke (/usr/share/code/resources/app/out/vs/code/node/sharedProcess/sharedProcessMain.js:19:145)
    at u.deliver (/usr/share/code/resources/app/out/vs/code/node/sharedProcess/sharedProcessMain.js:19:2121)
    at a.fire (/usr/share/code/resources/app/out/vs/code/node/sharedProcess/sharedProcessMain.js:19:1729)
    at MessagePortMain.Z (/usr/share/code/resources/app/out/vs/code/node/sharedProcess/sharedProcessMain.js:17:23918)
    at MessagePortMain.emit (node:events:513:28)
    at MessagePortMain._internalPort.emit (node:electron/js2c/utility_init:2:367)
