2023-05-26 14:02:10.275 [info] Added views:workbench.panel.markers.view in workbench.panel.markers
2023-05-26 14:02:10.275 [info] Added views:workbench.panel.output in workbench.panel.output
2023-05-26 14:02:10.275 [info] Added views:terminal in terminal
2023-05-26 14:02:10.275 [info] Added views:outline in workbench.view.explorer
2023-05-26 14:02:10.275 [info] Added views:workbench.scm in workbench.view.scm
2023-05-26 14:02:10.275 [info] Added views:workbench.view.search in workbench.view.search
2023-05-26 14:02:10.275 [info] Added views:timeline in workbench.view.explorer
2023-05-26 14:02:10.275 [info] Added views:workbench.explorer.fileView in workbench.view.explorer
2023-05-26 14:02:10.560 [info] Added views:workbench.debug.variablesView,workbench.debug.watchExpressionsView,workbench.debug.callStackView,workbench.debug.breakPointsView in workbench.view.debug
2023-05-26 14:02:10.753 [info] Added views:makefile.outline in workbench.view.extension.makefile__viewContainer
2023-05-26 14:02:11.005 [info] Added views:workbench.panel.repl.view in workbench.panel.repl
2023-05-26 14:02:19.230 [info] Added views:workbench.panel.markers.view in workbench.panel.markers
2023-05-26 14:02:19.230 [info] Added views:workbench.panel.output in workbench.panel.output
2023-05-26 14:02:19.230 [info] Added views:terminal in terminal
2023-05-26 14:02:19.230 [info] Added views:outline in workbench.view.explorer
2023-05-26 14:02:19.230 [info] Added views:workbench.scm in workbench.view.scm
2023-05-26 14:02:19.230 [info] Added views:workbench.view.search in workbench.view.search
2023-05-26 14:02:19.230 [info] Added views:timeline in workbench.view.explorer
2023-05-26 14:02:19.230 [info] Added views:workbench.explorer.fileView in workbench.view.explorer
2023-05-26 14:02:19.487 [info] Added views:makefile.outline in workbench.view.extension.makefile__viewContainer
2023-05-26 14:02:19.625 [info] Added views:workbench.debug.variablesView,workbench.debug.watchExpressionsView,workbench.debug.callStackView,workbench.debug.breakPointsView in workbench.view.debug
2023-05-26 14:02:19.728 [info] Added views:workbench.panel.repl.view in workbench.panel.repl
